# JRE version: Java(TM) SE Runtime Environment (11.0.1+13) (build 11.0.1+13-LTS)
# Java VM: Java HotSpot(TM) 64-Bit Server VM (11.0.1+13-LTS, mixed mode, tiered, compressed oops, g1 gc, windows-amd64)
Heap:
 garbage-first heap   total 205824K, used 61135K [0x0000000081800000, 0x0000000100000000)
  region size 1024K, 53 young (54272K), 7 survivors (7168K)
 Metaspace       used 41174K, capacity 42290K, committed 42496K, reserved 1087488K
  class space    used 4866K, capacity 5312K, committed 5376K, reserved 1048576K
GC Heap History (10 events):
Event: 3.230 GC heap before
{Heap before GC invocations=3 (full 0):
 garbage-first heap   total 131072K, used 54160K [0x0000000081800000, 0x0000000100000000)
  region size 1024K, 48 young (49152K), 1 survivors (1024K)
 Metaspace       used 17631K, capacity 17999K, committed 18304K, reserved 1064960K
  class space    used 1937K, capacity 2088K, committed 2176K, reserved 1048576K
}
Event: 3.348 GC heap after
{Heap after GC invocations=4 (full 0):
 garbage-first heap   total 131072K, used 8467K [0x0000000081800000, 0x0000000100000000)
  region size 1024K, 2 young (2048K), 2 survivors (2048K)
 Metaspace       used 17631K, capacity 17999K, committed 18304K, reserved 1064960K
  class space    used 1937K, capacity 2088K, committed 2176K, reserved 1048576K
}
Event: 4.247 GC heap before
{Heap before GC invocations=4 (full 0):
 garbage-first heap   total 131072K, used 28947K [0x0000000081800000, 0x0000000100000000)
  region size 1024K, 23 young (23552K), 2 survivors (2048K)
 Metaspace       used 20738K, capacity 21175K, committed 21248K, reserved 1069056K
  class space    used 2368K, capacity 2532K, committed 2560K, reserved 1048576K
}
Event: 4.253 GC heap after
{Heap after GC invocations=5 (full 0):
 garbage-first heap   total 131072K, used 9178K [0x0000000081800000, 0x0000000100000000)
  region size 1024K, 3 young (3072K), 3 survivors (3072K)
 Metaspace       used 20738K, capacity 21175K, committed 21248K, reserved 1069056K
  class space    used 2368K, capacity 2532K, committed 2560K, reserved 1048576K
}
Event: 6.362 GC heap before
{Heap before GC invocations=6 (full 0):
 garbage-first heap   total 131072K, used 63450K [0x0000000081800000, 0x0000000100000000)
  region size 1024K, 56 young (57344K), 3 survivors (3072K)
 Metaspace       used 29420K, capacity 30079K, committed 30336K, reserved 1075200K
  class space    used 3385K, capacity 3676K, committed 3712K, reserved 1048576K
}
Event: 6.372 GC heap after
{Heap after GC invocations=7 (full 0):
 garbage-first heap   total 131072K, used 11576K [0x0000000081800000, 0x0000000100000000)
  region size 1024K, 5 young (5120K), 5 survivors (5120K)
 Metaspace       used 29420K, capacity 30079K, committed 30336K, reserved 1075200K
  class space    used 3385K, capacity 3676K, committed 3712K, reserved 1048576K
}
Event: 7.689 GC heap before
{Heap before GC invocations=7 (full 0):
 garbage-first heap   total 131072K, used 69944K [0x0000000081800000, 0x0000000100000000)
  region size 1024K, 63 young (64512K), 5 survivors (5120K)
 Metaspace       used 30458K, capacity 31151K, committed 31232K, reserved 1077248K
  class space    used 3515K, capacity 3791K, committed 3840K, reserved 1048576K
}
Event: 7.702 GC heap after
{Heap after GC invocations=8 (full 0):
 garbage-first heap   total 131072K, used 13189K [0x0000000081800000, 0x0000000100000000)
  region size 1024K, 5 young (5120K), 5 survivors (5120K)
 Metaspace       used 30458K, capacity 31151K, committed 31232K, reserved 1077248K
  class space    used 3515K, capacity 3791K, committed 3840K, reserved 1048576K
}
Event: 9.880 GC heap before
{Heap before GC invocations=8 (full 0):
 garbage-first heap   total 131072K, used 61317K [0x0000000081800000, 0x0000000100000000)
  region size 1024K, 53 young (54272K), 5 survivors (5120K)
 Metaspace       used 34860K, capacity 35739K, committed 35840K, reserved 1081344K
  class space    used 4087K, capacity 4440K, committed 4480K, reserved 1048576K
}
Event: 9.916 GC heap after
{Heap after GC invocations=9 (full 0):
 garbage-first heap   total 205824K, used 15055K [0x0000000081800000, 0x0000000100000000)
  region size 1024K, 7 young (7168K), 7 survivors (7168K)
 Metaspace       used 34860K, capacity 35739K, committed 35840K, reserved 1081344K
  class space    used 4087K, capacity 4440K, committed 4480K, reserved 1048576K
}

