# JRE version: Java(TM) SE Runtime Environment (11.0.1+13) (build 11.0.1+13-LTS)
# Java VM: Java HotSpot(TM) 64-Bit Server VM (11.0.1+13-LTS, mixed mode, tiered, compressed oops, g1 gc, windows-amd64)
Heap:
 garbage-first heap   total 157696K, used 98202K [0x0000000081800000, 0x0000000100000000)
  region size 1024K, 89 young (91136K), 7 survivors (7168K)
 Metaspace       used 41401K, capacity 42482K, committed 42624K, reserved 1087488K
  class space    used 4977K, capacity 5413K, committed 5504K, reserved 1048576K
GC Heap History (10 events):
Event: 2.934 GC heap before
{Heap before GC invocations=2 (full 0):
 garbage-first heap   total 131072K, used 32175K [0x0000000081800000, 0x0000000100000000)
  region size 1024K, 26 young (26624K), 1 survivors (1024K)
 Metaspace       used 15934K, capacity 16190K, committed 16384K, reserved 1064960K
  class space    used 1632K, capacity 1710K, committed 1792K, reserved 1048576K
}
Event: 2.940 GC heap after
{Heap after GC invocations=3 (full 0):
 garbage-first heap   total 131072K, used 8626K [0x0000000081800000, 0x0000000100000000)
  region size 1024K, 2 young (2048K), 2 survivors (2048K)
 Metaspace       used 15934K, capacity 16190K, committed 16384K, reserved 1064960K
  class space    used 1632K, capacity 1710K, committed 1792K, reserved 1048576K
}
Event: 4.107 GC heap before
{Heap before GC invocations=3 (full 0):
 garbage-first heap   total 131072K, used 38322K [0x0000000081800000, 0x0000000100000000)
  region size 1024K, 33 young (33792K), 2 survivors (2048K)
 Metaspace       used 20763K, capacity 21100K, committed 21248K, reserved 1069056K
  class space    used 2362K, capacity 2470K, committed 2560K, reserved 1048576K
}
Event: 4.117 GC heap after
{Heap after GC invocations=4 (full 0):
 garbage-first heap   total 131072K, used 9770K [0x0000000081800000, 0x0000000100000000)
  region size 1024K, 3 young (3072K), 3 survivors (3072K)
 Metaspace       used 20763K, capacity 21100K, committed 21248K, reserved 1069056K
  class space    used 2362K, capacity 2470K, committed 2560K, reserved 1048576K
}
Event: 5.499 GC heap before
{Heap before GC invocations=5 (full 0):
 garbage-first heap   total 131072K, used 57898K [0x0000000081800000, 0x0000000100000000)
  region size 1024K, 50 young (51200K), 3 survivors (3072K)
 Metaspace       used 27376K, capacity 27914K, committed 28032K, reserved 1073152K
  class space    used 3241K, capacity 3451K, committed 3456K, reserved 1048576K
}
Event: 5.509 GC heap after
{Heap after GC invocations=6 (full 0):
 garbage-first heap   total 131072K, used 11349K [0x0000000081800000, 0x0000000100000000)
  region size 1024K, 5 young (5120K), 5 survivors (5120K)
 Metaspace       used 27376K, capacity 27914K, committed 28032K, reserved 1073152K
  class space    used 3241K, capacity 3451K, committed 3456K, reserved 1048576K
}
Event: 6.588 GC heap before
{Heap before GC invocations=6 (full 0):
 garbage-first heap   total 131072K, used 70741K [0x0000000081800000, 0x0000000100000000)
  region size 1024K, 64 young (65536K), 5 survivors (5120K)
 Metaspace       used 31362K, capacity 31980K, committed 32128K, reserved 1077248K
  class space    used 3730K, capacity 3968K, committed 3968K, reserved 1048576K
}
Event: 6.601 GC heap after
{Heap after GC invocations=7 (full 0):
 garbage-first heap   total 131072K, used 13199K [0x0000000081800000, 0x0000000100000000)
  region size 1024K, 6 young (6144K), 6 survivors (6144K)
 Metaspace       used 31362K, capacity 31980K, committed 32128K, reserved 1077248K
  class space    used 3730K, capacity 3968K, committed 3968K, reserved 1048576K
}
Event: 7.993 GC heap before
{Heap before GC invocations=7 (full 0):
 garbage-first heap   total 131072K, used 57231K [0x0000000081800000, 0x0000000100000000)
  region size 1024K, 51 young (52224K), 6 survivors (6144K)
 Metaspace       used 34923K, capacity 35683K, committed 35840K, reserved 1081344K
  class space    used 4188K, capacity 4505K, committed 4608K, reserved 1048576K
}
Event: 8.019 GC heap after
{Heap after GC invocations=8 (full 0):
 garbage-first heap   total 157696K, used 15258K [0x0000000081800000, 0x0000000100000000)
  region size 1024K, 7 young (7168K), 7 survivors (7168K)
 Metaspace       used 34923K, capacity 35683K, committed 35840K, reserved 1081344K
  class space    used 4188K, capacity 4505K, committed 4608K, reserved 1048576K
}

