# JRE version: Java(TM) SE Runtime Environment (11.0.1+13) (build 11.0.1+13-LTS)
# Java VM: Java HotSpot(TM) 64-Bit Server VM (11.0.1+13-LTS, mixed mode, tiered, compressed oops, g1 gc, windows-amd64)
Heap:
 garbage-first heap   total 197632K, used 19681K [0x0000000081800000, 0x0000000100000000)
  region size 1024K, 13 young (13312K), 6 survivors (6144K)
 Metaspace       used 32807K, capacity 33712K, committed 33920K, reserved 1079296K
  class space    used 3835K, capacity 4173K, committed 4224K, reserved 1048576K
GC Heap History (10 events):
Event: 1.432 GC heap before
{Heap before GC invocations=0 (full 0):
 garbage-first heap   total 131072K, used 14336K [0x0000000081800000, 0x0000000100000000)
  region size 1024K, 14 young (14336K), 0 survivors (0K)
 Metaspace       used 9610K, capacity 9827K, committed 9984K, reserved 1058816K
  class space    used 867K, capacity 910K, committed 1024K, reserved 1048576K
}
Event: 1.530 GC heap after
{Heap after GC invocations=1 (full 0):
 garbage-first heap   total 131072K, used 6237K [0x0000000081800000, 0x0000000100000000)
  region size 1024K, 2 young (2048K), 2 survivors (2048K)
 Metaspace       used 9610K, capacity 9827K, committed 9984K, reserved 1058816K
  class space    used 867K, capacity 910K, committed 1024K, reserved 1048576K
}
Event: 2.728 GC heap before
{Heap before GC invocations=1 (full 0):
 garbage-first heap   total 131072K, used 63581K [0x0000000081800000, 0x0000000100000000)
  region size 1024K, 59 young (60416K), 2 survivors (2048K)
 Metaspace       used 15391K, capacity 15734K, committed 15744K, reserved 1062912K
  class space    used 1539K, capacity 1655K, committed 1664K, reserved 1048576K
}
Event: 2.765 GC heap after
{Heap after GC invocations=2 (full 0):
 garbage-first heap   total 131072K, used 7617K [0x0000000081800000, 0x0000000100000000)
  region size 1024K, 4 young (4096K), 4 survivors (4096K)
 Metaspace       used 15391K, capacity 15734K, committed 15744K, reserved 1062912K
  class space    used 1539K, capacity 1655K, committed 1664K, reserved 1048576K
}
Event: 4.154 GC heap before
{Heap before GC invocations=2 (full 0):
 garbage-first heap   total 131072K, used 43457K [0x0000000081800000, 0x0000000100000000)
  region size 1024K, 41 young (41984K), 4 survivors (4096K)
 Metaspace       used 20781K, capacity 21153K, committed 21248K, reserved 1069056K
  class space    used 2374K, capacity 2524K, committed 2560K, reserved 1048576K
}
Event: 4.167 GC heap after
{Heap after GC invocations=3 (full 0):
 garbage-first heap   total 131072K, used 9025K [0x0000000081800000, 0x0000000100000000)
  region size 1024K, 5 young (5120K), 5 survivors (5120K)
 Metaspace       used 20781K, capacity 21153K, committed 21248K, reserved 1069056K
  class space    used 2374K, capacity 2524K, committed 2560K, reserved 1048576K
}
Event: 6.476 GC heap before
{Heap before GC invocations=4 (full 0):
 garbage-first heap   total 131072K, used 71489K [0x0000000081800000, 0x0000000100000000)
  region size 1024K, 66 young (67584K), 5 survivors (5120K)
 Metaspace       used 30053K, capacity 30733K, committed 30976K, reserved 1077248K
  class space    used 3458K, capacity 3745K, committed 3840K, reserved 1048576K
}
Event: 6.492 GC heap after
{Heap after GC invocations=5 (full 0):
 garbage-first heap   total 131072K, used 12104K [0x0000000081800000, 0x0000000100000000)
  region size 1024K, 8 young (8192K), 8 survivors (8192K)
 Metaspace       used 30053K, capacity 30733K, committed 30976K, reserved 1077248K
  class space    used 3458K, capacity 3745K, committed 3840K, reserved 1048576K
}
Event: 8.456 GC heap before
{Heap before GC invocations=5 (full 0):
 garbage-first heap   total 131072K, used 80712K [0x0000000081800000, 0x0000000100000000)
  region size 1024K, 76 young (77824K), 8 survivors (8192K)
 Metaspace       used 32220K, capacity 32965K, committed 33280K, reserved 1079296K
  class space    used 3731K, capacity 4030K, committed 4096K, reserved 1048576K
}
Event: 8.481 GC heap after
{Heap after GC invocations=6 (full 0):
 garbage-first heap   total 197632K, used 13537K [0x0000000081800000, 0x0000000100000000)
  region size 1024K, 6 young (6144K), 6 survivors (6144K)
 Metaspace       used 32220K, capacity 32965K, committed 33280K, reserved 1079296K
  class space    used 3731K, capacity 4030K, committed 4096K, reserved 1048576K
}

