# JRE version: Java(TM) SE Runtime Environment (11.0.1+13) (build 11.0.1+13-LTS)
# Java VM: Java HotSpot(TM) 64-Bit Server VM (11.0.1+13-LTS, mixed mode, tiered, compressed oops, g1 gc, windows-amd64)
Heap:
 garbage-first heap   total 157696K, used 25268K [0x0000000081800000, 0x0000000100000000)
  region size 1024K, 10 young (10240K), 10 survivors (10240K)
 Metaspace       used 44663K, capacity 45711K, committed 45824K, reserved 1089536K
  class space    used 5354K, capacity 5783K, committed 5888K, reserved 1048576K
GC Heap History (10 events):
Event: 5.216 GC heap after
{Heap after GC invocations=4 (full 0):
 garbage-first heap   total 131072K, used 9908K [0x0000000081800000, 0x0000000100000000)
  region size 1024K, 4 young (4096K), 4 survivors (4096K)
 Metaspace       used 20856K, capacity 21199K, committed 21296K, reserved 1069056K
  class space    used 2359K, capacity 2503K, committed 2560K, reserved 1048576K
}
Event: 6.363 GC heap before
{Heap before GC invocations=5 (full 0):
 garbage-first heap   total 131072K, used 60084K [0x0000000081800000, 0x0000000100000000)
  region size 1024K, 53 young (54272K), 4 survivors (4096K)
 Metaspace       used 27647K, capacity 28199K, committed 28416K, reserved 1075200K
  class space    used 3261K, capacity 3462K, committed 3584K, reserved 1048576K
}
Event: 6.373 GC heap after
{Heap after GC invocations=6 (full 0):
 garbage-first heap   total 131072K, used 11644K [0x0000000081800000, 0x0000000100000000)
  region size 1024K, 5 young (5120K), 5 survivors (5120K)
 Metaspace       used 27647K, capacity 28199K, committed 28416K, reserved 1075200K
  class space    used 3261K, capacity 3462K, committed 3584K, reserved 1048576K
}
Event: 7.484 GC heap before
{Heap before GC invocations=6 (full 0):
 garbage-first heap   total 131072K, used 83324K [0x0000000081800000, 0x0000000100000000)
  region size 1024K, 76 young (77824K), 5 survivors (5120K)
 Metaspace       used 31743K, capacity 32353K, committed 32512K, reserved 1077248K
  class space    used 3756K, capacity 4018K, committed 4096K, reserved 1048576K
}
Event: 7.498 GC heap after
{Heap after GC invocations=7 (full 0):
 garbage-first heap   total 131072K, used 13527K [0x0000000081800000, 0x0000000100000000)
  region size 1024K, 7 young (7168K), 7 survivors (7168K)
 Metaspace       used 31743K, capacity 32353K, committed 32512K, reserved 1077248K
  class space    used 3756K, capacity 4018K, committed 4096K, reserved 1048576K
}
Event: 8.571 GC heap before
{Heap before GC invocations=7 (full 0):
 garbage-first heap   total 131072K, used 44247K [0x0000000081800000, 0x0000000100000000)
  region size 1024K, 38 young (38912K), 7 survivors (7168K)
 Metaspace       used 34995K, capacity 35739K, committed 35920K, reserved 1081344K
  class space    used 4186K, capacity 4501K, committed 4608K, reserved 1048576K
}
Event: 8.590 GC heap after
{Heap after GC invocations=8 (full 0):
 garbage-first heap   total 131072K, used 14941K [0x0000000081800000, 0x0000000100000000)
  region size 1024K, 7 young (7168K), 7 survivors (7168K)
 Metaspace       used 34995K, capacity 35739K, committed 35920K, reserved 1081344K
  class space    used 4186K, capacity 4501K, committed 4608K, reserved 1048576K
}
Event: 11.321 GC heap before
{Heap before GC invocations=9 (full 0):
 garbage-first heap   total 131072K, used 85597K [0x0000000081800000, 0x0000000100000000)
  region size 1024K, 76 young (77824K), 7 survivors (7168K)
 Metaspace       used 40632K, capacity 41603K, committed 41856K, reserved 1085440K
  class space    used 4848K, capacity 5226K, committed 5248K, reserved 1048576K
}
Event: 11.343 GC heap after
{Heap after GC invocations=10 (full 0):
 garbage-first heap   total 131072K, used 19266K [0x0000000081800000, 0x0000000100000000)
  region size 1024K, 8 young (8192K), 8 survivors (8192K)
 Metaspace       used 40632K, capacity 41603K, committed 41856K, reserved 1085440K
  class space    used 4848K, capacity 5226K, committed 5248K, reserved 1048576K
}
Event: 12.838 GC heap before
{Heap before GC invocations=10 (full 0):
 garbage-first heap   total 131072K, used 87874K [0x0000000081800000, 0x0000000100000000)
  region size 1024K, 76 young (77824K), 8 survivors (8192K)
 Metaspace       used 44663K, capacity 45711K, committed 45824K, reserved 1089536K
  class space    used 5354K, capacity 5783K, committed 5888K, reserved 1048576K
}

