# JRE version: Java(TM) SE Runtime Environment (11.0.1+13) (build 11.0.1+13-LTS)
# Java VM: Java HotSpot(TM) 64-Bit Server VM (11.0.1+13-LTS, mixed mode, tiered, compressed oops, g1 gc, windows-amd64)
Heap:
 garbage-first heap   total 131072K, used 16236K [0x0000000081800000, 0x0000000100000000)
  region size 1024K, 5 young (5120K), 5 survivors (5120K)
 Metaspace       used 36994K, capacity 37826K, committed 37888K, reserved 1091584K
  class space    used 4455K, capacity 4811K, committed 4864K, reserved 1048576K
GC Heap History (10 events):
Event: 5.462 GC heap before
{Heap before GC invocations=3 (full 0):
 garbage-first heap   total 131072K, used 40184K [0x0000000081800000, 0x0000000100000000)
  region size 1024K, 35 young (35840K), 2 survivors (2048K)
 Metaspace       used 20770K, capacity 21162K, committed 21248K, reserved 1069056K
  class space    used 2343K, capacity 2492K, committed 2560K, reserved 1048576K
}
Event: 5.469 GC heap after
{Heap after GC invocations=4 (full 0):
 garbage-first heap   total 131072K, used 9785K [0x0000000081800000, 0x0000000100000000)
  region size 1024K, 3 young (3072K), 3 survivors (3072K)
 Metaspace       used 20770K, capacity 21162K, committed 21248K, reserved 1069056K
  class space    used 2343K, capacity 2492K, committed 2560K, reserved 1048576K
}
Event: 6.816 GC heap before
{Heap before GC invocations=5 (full 0):
 garbage-first heap   total 131072K, used 59961K [0x0000000081800000, 0x0000000100000000)
  region size 1024K, 52 young (53248K), 3 survivors (3072K)
 Metaspace       used 27628K, capacity 28199K, committed 28416K, reserved 1075200K
  class space    used 3257K, capacity 3462K, committed 3584K, reserved 1048576K
}
Event: 6.827 GC heap after
{Heap after GC invocations=6 (full 0):
 garbage-first heap   total 131072K, used 11514K [0x0000000081800000, 0x0000000100000000)
  region size 1024K, 5 young (5120K), 5 survivors (5120K)
 Metaspace       used 27628K, capacity 28199K, committed 28416K, reserved 1075200K
  class space    used 3257K, capacity 3462K, committed 3584K, reserved 1048576K
}
Event: 7.668 GC heap before
{Heap before GC invocations=6 (full 0):
 garbage-first heap   total 131072K, used 71930K [0x0000000081800000, 0x0000000100000000)
  region size 1024K, 65 young (66560K), 5 survivors (5120K)
 Metaspace       used 31482K, capacity 32070K, committed 32256K, reserved 1077248K
  class space    used 3749K, capacity 4003K, committed 4096K, reserved 1048576K
}
Event: 7.684 GC heap after
{Heap after GC invocations=7 (full 0):
 garbage-first heap   total 131072K, used 13153K [0x0000000081800000, 0x0000000100000000)
  region size 1024K, 7 young (7168K), 7 survivors (7168K)
 Metaspace       used 31482K, capacity 32070K, committed 32256K, reserved 1077248K
  class space    used 3749K, capacity 4003K, committed 4096K, reserved 1048576K
}
Event: 8.877 GC heap before
{Heap before GC invocations=7 (full 0):
 garbage-first heap   total 131072K, used 54113K [0x0000000081800000, 0x0000000100000000)
  region size 1024K, 49 young (50176K), 7 survivors (7168K)
 Metaspace       used 34927K, capacity 35723K, committed 35840K, reserved 1081344K
  class space    used 4173K, capacity 4497K, committed 4608K, reserved 1048576K
}
Event: 8.907 GC heap after
{Heap after GC invocations=8 (full 0):
 garbage-first heap   total 131072K, used 15142K [0x0000000081800000, 0x0000000100000000)
  region size 1024K, 7 young (7168K), 7 survivors (7168K)
 Metaspace       used 34927K, capacity 35723K, committed 35840K, reserved 1081344K
  class space    used 4173K, capacity 4497K, committed 4608K, reserved 1048576K
}
Event: 9.855 GC heap before
{Heap before GC invocations=9 (full 0):
 garbage-first heap   total 131072K, used 35622K [0x0000000081800000, 0x0000000100000000)
  region size 1024K, 28 young (28672K), 7 survivors (7168K)
 Metaspace       used 36994K, capacity 37826K, committed 37888K, reserved 1089536K
  class space    used 4455K, capacity 4811K, committed 4864K, reserved 1048576K
}
Event: 9.894 GC heap after
{Heap after GC invocations=10 (full 0):
 garbage-first heap   total 131072K, used 16236K [0x0000000081800000, 0x0000000100000000)
  region size 1024K, 5 young (5120K), 5 survivors (5120K)
 Metaspace       used 36994K, capacity 37826K, committed 37888K, reserved 1089536K
  class space    used 4455K, capacity 4811K, committed 4864K, reserved 1048576K
}

